<?xml version="1.0" encoding="UTF-8"?>
<!-- Generated by org.testng.reporters.JUnitReportReporter -->
<testsuite hostname="LAPTOP-VJHKAPE5" failures="0" tests="1" name="execute_tests.TableTest" time="6.408" errors="0" timestamp="2022-11-14T21:03:15 IST" skipped="0">
  <testcase classname="execute_tests.TableTest" name="excelRead" time="6.408"/>
  <system-out/>
</testsuite> <!-- execute_tests.TableTest -->
