<?xml version="1.0" encoding="UTF-8"?>
<!-- Generated by org.testng.reporters.JUnitReportReporter -->
<testsuite hostname="LAPTOP-VJHKAPE5" failures="0" tests="2" name="execute_tests.HomeTest" time="30.543" errors="0" timestamp="2022-11-14T19:35:54 IST" skipped="0">
  <testcase classname="execute_tests.HomeTest" name="verifyObsquraLogoPresent" time="20.539"/>
  <system-out/>
  <testcase classname="execute_tests.HomeTest" name="verifyObsquraHomePageTitle" time="10.004"/>
  <system-out/>
</testsuite> <!-- execute_tests.HomeTest -->
