<?xml version="1.0" encoding="UTF-8"?>
<!-- Generated by org.testng.reporters.JUnitReportReporter -->
<testsuite hostname="LAPTOP-VJHKAPE5" failures="0" tests="1" name="execute_tests.InputFormTest" time="5.316" errors="0" timestamp="2022-11-08T21:13:53 IST" skipped="0">
  <testcase classname="execute_tests.InputFormTest" name="verifyShowMessageFunctionality" time="5.316"/>
  <system-out/>
</testsuite> <!-- execute_tests.InputFormTest -->
